# JRE version: Java(TM) SE Runtime Environment (8.0_161-b12) (build 1.8.0_161-b12)
# Java VM: Java HotSpot(TM) 64-Bit Server VM (25.161-b12 mixed mode windows-amd64 compressed oops)
Heap:
 PSYoungGen      total 74240K, used 1127K [0x000000076b700000, 0x0000000772d00000, 0x00000007c0000000)
  eden space 63488K, 1% used [0x000000076b700000,0x000000076b819c00,0x000000076f500000)
  from space 10752K, 0% used [0x000000076f680000,0x000000076f680000,0x0000000770100000)
  to   space 28672K, 0% used [0x0000000771100000,0x0000000771100000,0x0000000772d00000)
 ParOldGen       total 106496K, used 25392K [0x00000006c2400000, 0x00000006c8c00000, 0x000000076b700000)
  object space 106496K, 23% used [0x00000006c2400000,0x00000006c3ccc218,0x00000006c8c00000)
 Metaspace       used 20868K, capacity 21217K, committed 21552K, reserved 1069056K
  class space    used 2329K, capacity 2422K, committed 2432K, reserved 1048576K
GC Heap History (10 events):
Event: 9.140 GC heap before
{Heap before GC invocations=2 (full 0):
 PSYoungGen      total 75776K, used 75765K [0x000000076b700000, 0x0000000770b80000, 0x00000007c0000000)
  eden space 65024K, 100% used [0x000000076b700000,0x000000076f680000,0x000000076f680000)
  from space 10752K, 99% used [0x000000076f680000,0x00000007700fd460,0x0000000770100000)
  to   space 10752K, 0% used [0x0000000770100000,0x0000000770100000,0x0000000770b80000)
 ParOldGen       total 173568K, used 15480K [0x00000006c2400000, 0x00000006ccd80000, 0x000000076b700000)
  object space 173568K, 8% used [0x00000006c2400000,0x00000006c331e0a0,0x00000006ccd80000)
 Metaspace       used 19492K, capacity 19793K, committed 20096K, reserved 1067008K
  class space    used 2246K, capacity 2318K, committed 2432K, reserved 1048576K
Event: 9.145 GC heap after
Heap after GC invocations=2 (full 0):
 PSYoungGen      total 75776K, used 10742K [0x000000076b700000, 0x0000000770b80000, 0x00000007c0000000)
  eden space 65024K, 0% used [0x000000076b700000,0x000000076b700000,0x000000076f680000)
  from space 10752K, 99% used [0x0000000770100000,0x0000000770b7d988,0x0000000770b80000)
  to   space 10752K, 0% used [0x000000076f680000,0x000000076f680000,0x0000000770100000)
 ParOldGen       total 173568K, used 16783K [0x00000006c2400000, 0x00000006ccd80000, 0x000000076b700000)
  object space 173568K, 9% used [0x00000006c2400000,0x00000006c3463c18,0x00000006ccd80000)
 Metaspace       used 19492K, capacity 19793K, committed 20096K, reserved 1067008K
  class space    used 2246K, capacity 2318K, committed 2432K, reserved 1048576K
}
Event: 9.883 GC heap before
{Heap before GC invocations=3 (full 0):
 PSYoungGen      total 75776K, used 75766K [0x000000076b700000, 0x0000000770b80000, 0x00000007c0000000)
  eden space 65024K, 100% used [0x000000076b700000,0x000000076f680000,0x000000076f680000)
  from space 10752K, 99% used [0x0000000770100000,0x0000000770b7d988,0x0000000770b80000)
  to   space 10752K, 0% used [0x000000076f680000,0x000000076f680000,0x0000000770100000)
 ParOldGen       total 173568K, used 16783K [0x00000006c2400000, 0x00000006ccd80000, 0x000000076b700000)
  object space 173568K, 9% used [0x00000006c2400000,0x00000006c3463c18,0x00000006ccd80000)
 Metaspace       used 19641K, capacity 19953K, committed 20352K, reserved 1067008K
  class space    used 2255K, capacity 2350K, committed 2432K, reserved 1048576K
Event: 9.890 GC heap after
Heap after GC invocations=3 (full 0):
 PSYoungGen      total 75776K, used 10737K [0x000000076b700000, 0x0000000770b80000, 0x00000007c0000000)
  eden space 65024K, 0% used [0x000000076b700000,0x000000076b700000,0x000000076f680000)
  from space 10752K, 99% used [0x000000076f680000,0x00000007700fc670,0x0000000770100000)
  to   space 10752K, 0% used [0x0000000770100000,0x0000000770100000,0x0000000770b80000)
 ParOldGen       total 173568K, used 27308K [0x00000006c2400000, 0x00000006ccd80000, 0x000000076b700000)
  object space 173568K, 15% used [0x00000006c2400000,0x00000006c3eab080,0x00000006ccd80000)
 Metaspace       used 19641K, capacity 19953K, committed 20352K, reserved 1067008K
  class space    used 2255K, capacity 2350K, committed 2432K, reserved 1048576K
}
Event: 17.481 GC heap before
{Heap before GC invocations=4 (full 0):
 PSYoungGen      total 75776K, used 75761K [0x000000076b700000, 0x0000000770b80000, 0x00000007c0000000)
  eden space 65024K, 100% used [0x000000076b700000,0x000000076f680000,0x000000076f680000)
  from space 10752K, 99% used [0x000000076f680000,0x00000007700fc670,0x0000000770100000)
  to   space 10752K, 0% used [0x0000000770100000,0x0000000770100000,0x0000000770b80000)
 ParOldGen       total 173568K, used 27308K [0x00000006c2400000, 0x00000006ccd80000, 0x000000076b700000)
  object space 173568K, 15% used [0x00000006c2400000,0x00000006c3eab080,0x00000006ccd80000)
 Metaspace       used 20744K, capacity 21057K, committed 21296K, reserved 1069056K
  class space    used 2302K, capacity 2390K, committed 2432K, reserved 1048576K
Event: 17.488 GC heap after
Heap after GC invocations=4 (full 0):
 PSYoungGen      total 75776K, used 10745K [0x000000076b700000, 0x0000000770b80000, 0x00000007c0000000)
  eden space 65024K, 0% used [0x000000076b700000,0x000000076b700000,0x000000076f680000)
  from space 10752K, 99% used [0x0000000770100000,0x0000000770b7e4c0,0x0000000770b80000)
  to   space 10752K, 0% used [0x000000076f680000,0x000000076f680000,0x0000000770100000)
 ParOldGen       total 173568K, used 37261K [0x00000006c2400000, 0x00000006ccd80000, 0x000000076b700000)
  object space 173568K, 21% used [0x00000006c2400000,0x00000006c4863700,0x00000006ccd80000)
 Metaspace       used 20744K, capacity 21057K, committed 21296K, reserved 1069056K
  class space    used 2302K, capacity 2390K, committed 2432K, reserved 1048576K
}
Event: 25.674 GC heap before
{Heap before GC invocations=5 (full 0):
 PSYoungGen      total 75776K, used 19477K [0x000000076b700000, 0x0000000770b80000, 0x00000007c0000000)
  eden space 65024K, 13% used [0x000000076b700000,0x000000076bf87178,0x000000076f680000)
  from space 10752K, 99% used [0x0000000770100000,0x0000000770b7e4c0,0x0000000770b80000)
  to   space 10752K, 0% used [0x000000076f680000,0x000000076f680000,0x0000000770100000)
 ParOldGen       total 173568K, used 37261K [0x00000006c2400000, 0x00000006ccd80000, 0x000000076b700000)
  object space 173568K, 21% used [0x00000006c2400000,0x00000006c4863700,0x00000006ccd80000)
 Metaspace       used 20810K, capacity 21153K, committed 21296K, reserved 1069056K
  class space    used 2318K, capacity 2422K, committed 2432K, reserved 1048576K
Event: 25.679 GC heap after
Heap after GC invocations=5 (full 0):
 PSYoungGen      total 74240K, used 10655K [0x000000076b700000, 0x0000000772d00000, 0x00000007c0000000)
  eden space 63488K, 0% used [0x000000076b700000,0x000000076b700000,0x000000076f500000)
  from space 10752K, 99% used [0x000000076f680000,0x00000007700e7d80,0x0000000770100000)
  to   space 28672K, 0% used [0x0000000771100000,0x0000000771100000,0x0000000772d00000)
 ParOldGen       total 173568K, used 37269K [0x00000006c2400000, 0x00000006ccd80000, 0x000000076b700000)
  object space 173568K, 21% used [0x00000006c2400000,0x00000006c4865700,0x00000006ccd80000)
 Metaspace       used 20810K, capacity 21153K, committed 21296K, reserved 1069056K
  class space    used 2318K, capacity 2422K, committed 2432K, reserved 1048576K
}
Event: 25.679 GC heap before
{Heap before GC invocations=6 (full 1):
 PSYoungGen      total 74240K, used 10655K [0x000000076b700000, 0x0000000772d00000, 0x00000007c0000000)
  eden space 63488K, 0% used [0x000000076b700000,0x000000076b700000,0x000000076f500000)
  from space 10752K, 99% used [0x000000076f680000,0x00000007700e7d80,0x0000000770100000)
  to   space 28672K, 0% used [0x0000000771100000,0x0000000771100000,0x0000000772d00000)
 ParOldGen       total 173568K, used 37269K [0x00000006c2400000, 0x00000006ccd80000, 0x000000076b700000)
  object space 173568K, 21% used [0x00000006c2400000,0x00000006c4865700,0x00000006ccd80000)
 Metaspace       used 20810K, capacity 21153K, committed 21296K, reserved 1069056K
  class space    used 2318K, capacity 2422K, committed 2432K, reserved 1048576K
Event: 25.726 GC heap after
Heap after GC invocations=6 (full 1):
 PSYoungGen      total 74240K, used 0K [0x000000076b700000, 0x0000000772d00000, 0x00000007c0000000)
  eden space 63488K, 0% used [0x000000076b700000,0x000000076b700000,0x000000076f500000)
  from space 10752K, 0% used [0x000000076f680000,0x000000076f680000,0x0000000770100000)
  to   space 28672K, 0% used [0x0000000771100000,0x0000000771100000,0x0000000772d00000)
 ParOldGen       total 106496K, used 25392K [0x00000006c2400000, 0x00000006c8c00000, 0x000000076b700000)
  object space 106496K, 23% used [0x00000006c2400000,0x00000006c3ccc218,0x00000006c8c00000)
 Metaspace       used 20810K, capacity 21153K, committed 21296K, reserved 1069056K
  class space    used 2318K, capacity 2422K, committed 2432K, reserved 1048576K
}

